<?xml version="1.0" encoding="UTF-8"?>
<testng-results skipped="0" failed="0" ignored="0" total="1" passed="1">
  <reporter-output>
  </reporter-output>
  <suite name="userDetailsSF" duration-ms="13257" started-at="2020-12-27T16:44:30 IST" finished-at="2020-12-27T16:44:43 IST">
    <groups>
    </groups>
    <test name="bvtSuit" duration-ms="13257" started-at="2020-12-27T16:44:30 IST" finished-at="2020-12-27T16:44:43 IST">
      <class name="tests.LoginTest">
        <test-method status="PASS" signature="beforeTest()[pri:0, instance:tests.LoginTest@6325a3ee]" name="beforeTest" is-config="true" duration-ms="10611" started-at="2020-12-27T16:44:30 IST" finished-at="2020-12-27T16:44:40 IST">
          <reporter-output>
          </reporter-output>
        </test-method> <!-- beforeTest -->
        <test-method status="PASS" signature="loginTest()[pri:0, instance:tests.LoginTest@6325a3ee]" name="loginTest" duration-ms="1578" started-at="2020-12-27T16:44:40 IST" finished-at="2020-12-27T16:44:42 IST">
          <reporter-output>
          </reporter-output>
        </test-method> <!-- loginTest -->
        <test-method status="PASS" signature="afterTest()[pri:0, instance:tests.LoginTest@6325a3ee]" name="afterTest" is-config="true" duration-ms="1035" started-at="2020-12-27T16:44:42 IST" finished-at="2020-12-27T16:44:43 IST">
          <reporter-output>
          </reporter-output>
        </test-method> <!-- afterTest -->
      </class> <!-- tests.LoginTest -->
    </test> <!-- bvtSuit -->
  </suite> <!-- userDetailsSF -->
</testng-results>
